<?xml version="1.0" encoding="UTF-8" ?>
<testsuite failures="2" time="22.798" errors="0" skipped="2" tests="7" name="TestSuite">
  <properties>
[...]
</properties>
  <testcase time="0.198" classname="com.joseph.california.test.respository.CustomerRepositoryTest" name="hello"/>
  <testcase time="0.078" classname="com.joseph.california.test.respository.PersonRepositoryTest" name="createPerson"/>
  <testcase time="0.667" classname="com.joseph.california.test.services.TotalNumberTest" name="total">
    <failure message=" Expert no People expected [1] but found [0]" type="java.lang.AssertionError">java.lang.AssertionError:  Expert no People expected [1] but found [0]
	at org.testng.Assert.fail(Assert.java:94)
	at org.testng.Assert.failNotEquals(Assert.java:494)
	at org.testng.Assert.assertEquals(Assert.java:123)
	at org.testng.Assert.assertEquals(Assert.java:370)
	at com.joseph.california.test.services.TotalNumberTest.total(TotalNumberTest.java:46)
</failure>
  </testcase>
  <testcase time="0.062" classname="com.joseph.california.test.services.PeopleAgeServiceTest" name="getAgeofPeple"/>
  <testcase time="0.034" classname="com.joseph.california.test.respository.PersonRepositoryTest" name="readPerson">
    <failure type="java.lang.NullPointerException">java.lang.NullPointerException
	at com.joseph.california.test.respository.PersonRepositoryTest.readPerson(PersonRepositoryTest.java:56)
</failure>
  </testcase>
  <testcase time="0.036" classname="com.joseph.california.test.respository.PersonRepositoryTest" name="updatePerson">
    <skipped/>
  </testcase>
  <testcase time="0.037" classname="com.joseph.california.test.respository.PersonRepositoryTest" name="deletePerson">
    <skipped/>
  </testcase>
</testsuite>